# JRE version: Java(TM) SE Runtime Environment (8.0_131-b11) (build 1.8.0_131-b11)
# Java VM: Java HotSpot(TM) 64-Bit Server VM (25.131-b11 mixed mode windows-amd64 compressed oops)
Heap:
 PSYoungGen      total 27648K, used 26539K [0x00000000d5f00000, 0x00000000d7b00000, 0x0000000100000000)
  eden space 26624K, 97% used [0x00000000d5f00000,0x00000000d7872d70,0x00000000d7900000)
  from space 1024K, 46% used [0x00000000d7900000,0x00000000d7978000,0x00000000d7a00000)
  to   space 1024K, 0% used [0x00000000d7a00000,0x00000000d7a00000,0x00000000d7b00000)
 ParOldGen       total 119808K, used 91829K [0x0000000081c00000, 0x0000000089100000, 0x00000000d5f00000)
  object space 119808K, 76% used [0x0000000081c00000,0x00000000875ad5a0,0x0000000089100000)
 Metaspace       used 18597K, capacity 18958K, committed 19328K, reserved 1067008K
  class space    used 2054K, capacity 2153K, committed 2176K, reserved 1048576K
GC Heap History (10 events):
Event: 238.881 GC heap before
{Heap before GC invocations=212 (full 1):
 PSYoungGen      total 27648K, used 27104K [0x00000000d5f00000, 0x00000000d7b00000, 0x0000000100000000)
  eden space 26624K, 100% used [0x00000000d5f00000,0x00000000d7900000,0x00000000d7900000)
  from space 1024K, 46% used [0x00000000d7a00000,0x00000000d7a78000,0x00000000d7b00000)
  to   space 1024K, 0% used [0x00000000d7900000,0x00000000d7900000,0x00000000d7a00000)
 ParOldGen       total 119808K, used 91570K [0x0000000081c00000, 0x0000000089100000, 0x00000000d5f00000)
  object space 119808K, 76% used [0x0000000081c00000,0x000000008756cad0,0x0000000089100000)
 Metaspace       used 18465K, capacity 18734K, committed 19072K, reserved 1067008K
  class space    used 2026K, capacity 2121K, committed 2176K, reserved 1048576K
Event: 238.882 GC heap after
Heap after GC invocations=212 (full 1):
 PSYoungGen      total 27648K, used 320K [0x00000000d5f00000, 0x00000000d7b00000, 0x0000000100000000)
  eden space 26624K, 0% used [0x00000000d5f00000,0x00000000d5f00000,0x00000000d7900000)
  from space 1024K, 31% used [0x00000000d7900000,0x00000000d7950000,0x00000000d7a00000)
  to   space 1024K, 0% used [0x00000000d7a00000,0x00000000d7a00000,0x00000000d7b00000)
 ParOldGen       total 119808K, used 91634K [0x0000000081c00000, 0x0000000089100000, 0x00000000d5f00000)
  object space 119808K, 76% used [0x0000000081c00000,0x000000008757cad0,0x0000000089100000)
 Metaspace       used 18465K, capacity 18734K, committed 19072K, reserved 1067008K
  class space    used 2026K, capacity 2121K, committed 2176K, reserved 1048576K
}
Event: 239.535 GC heap before
{Heap before GC invocations=213 (full 1):
 PSYoungGen      total 27648K, used 26944K [0x00000000d5f00000, 0x00000000d7b00000, 0x0000000100000000)
  eden space 26624K, 100% used [0x00000000d5f00000,0x00000000d7900000,0x00000000d7900000)
  from space 1024K, 31% used [0x00000000d7900000,0x00000000d7950000,0x00000000d7a00000)
  to   space 1024K, 0% used [0x00000000d7a00000,0x00000000d7a00000,0x00000000d7b00000)
 ParOldGen       total 119808K, used 91637K [0x0000000081c00000, 0x0000000089100000, 0x00000000d5f00000)
  object space 119808K, 76% used [0x0000000081c00000,0x000000008757d5a0,0x0000000089100000)
 Metaspace       used 18465K, capacity 18734K, committed 19072K, reserved 1067008K
  class space    used 2026K, capacity 2121K, committed 2176K, reserved 1048576K
Event: 239.537 GC heap after
Heap after GC invocations=213 (full 1):
 PSYoungGen      total 27648K, used 288K [0x00000000d5f00000, 0x00000000d7b00000, 0x0000000100000000)
  eden space 26624K, 0% used [0x00000000d5f00000,0x00000000d5f00000,0x00000000d7900000)
  from space 1024K, 28% used [0x00000000d7a00000,0x00000000d7a48000,0x00000000d7b00000)
  to   space 1024K, 0% used [0x00000000d7900000,0x00000000d7900000,0x00000000d7a00000)
 ParOldGen       total 119808K, used 91693K [0x0000000081c00000, 0x0000000089100000, 0x00000000d5f00000)
  object space 119808K, 76% used [0x0000000081c00000,0x000000008758b5a0,0x0000000089100000)
 Metaspace       used 18465K, capacity 18734K, committed 19072K, reserved 1067008K
  class space    used 2026K, capacity 2121K, committed 2176K, reserved 1048576K
}
Event: 240.198 GC heap before
{Heap before GC invocations=214 (full 1):
 PSYoungGen      total 27648K, used 26912K [0x00000000d5f00000, 0x00000000d7b00000, 0x0000000100000000)
  eden space 26624K, 100% used [0x00000000d5f00000,0x00000000d7900000,0x00000000d7900000)
  from space 1024K, 28% used [0x00000000d7a00000,0x00000000d7a48000,0x00000000d7b00000)
  to   space 1024K, 0% used [0x00000000d7900000,0x00000000d7900000,0x00000000d7a00000)
 ParOldGen       total 119808K, used 91693K [0x0000000081c00000, 0x0000000089100000, 0x00000000d5f00000)
  object space 119808K, 76% used [0x0000000081c00000,0x000000008758b5a0,0x0000000089100000)
 Metaspace       used 18467K, capacity 18734K, committed 19072K, reserved 1067008K
  class space    used 2026K, capacity 2121K, committed 2176K, reserved 1048576K
Event: 240.200 GC heap after
Heap after GC invocations=214 (full 1):
 PSYoungGen      total 27648K, used 320K [0x00000000d5f00000, 0x00000000d7b00000, 0x0000000100000000)
  eden space 26624K, 0% used [0x00000000d5f00000,0x00000000d5f00000,0x00000000d7900000)
  from space 1024K, 31% used [0x00000000d7900000,0x00000000d7950000,0x00000000d7a00000)
  to   space 1024K, 0% used [0x00000000d7a00000,0x00000000d7a00000,0x00000000d7b00000)
 ParOldGen       total 119808K, used 91725K [0x0000000081c00000, 0x0000000089100000, 0x00000000d5f00000)
  object space 119808K, 76% used [0x0000000081c00000,0x00000000875935a0,0x0000000089100000)
 Metaspace       used 18467K, capacity 18734K, committed 19072K, reserved 1067008K
  class space    used 2026K, capacity 2121K, committed 2176K, reserved 1048576K
}
Event: 240.857 GC heap before
{Heap before GC invocations=215 (full 1):
 PSYoungGen      total 27648K, used 26940K [0x00000000d5f00000, 0x00000000d7b00000, 0x0000000100000000)
  eden space 26624K, 99% used [0x00000000d5f00000,0x00000000d78ff240,0x00000000d7900000)
  from space 1024K, 31% used [0x00000000d7900000,0x00000000d7950000,0x00000000d7a00000)
  to   space 1024K, 0% used [0x00000000d7a00000,0x00000000d7a00000,0x00000000d7b00000)
 ParOldGen       total 119808K, used 91725K [0x0000000081c00000, 0x0000000089100000, 0x00000000d5f00000)
  object space 119808K, 76% used [0x0000000081c00000,0x00000000875935a0,0x0000000089100000)
 Metaspace       used 18474K, capacity 18798K, committed 19072K, reserved 1067008K
  class space    used 2026K, capacity 2121K, committed 2176K, reserved 1048576K
Event: 240.858 GC heap after
Heap after GC invocations=215 (full 1):
 PSYoungGen      total 27648K, used 384K [0x00000000d5f00000, 0x00000000d7b00000, 0x0000000100000000)
  eden space 26624K, 0% used [0x00000000d5f00000,0x00000000d5f00000,0x00000000d7900000)
  from space 1024K, 37% used [0x00000000d7a00000,0x00000000d7a60000,0x00000000d7b00000)
  to   space 1024K, 0% used [0x00000000d7900000,0x00000000d7900000,0x00000000d7a00000)
 ParOldGen       total 119808K, used 91781K [0x0000000081c00000, 0x0000000089100000, 0x00000000d5f00000)
  object space 119808K, 76% used [0x0000000081c00000,0x00000000875a15a0,0x0000000089100000)
 Metaspace       used 18474K, capacity 18798K, committed 19072K, reserved 1067008K
  class space    used 2026K, capacity 2121K, committed 2176K, reserved 1048576K
}
Event: 244.532 GC heap before
{Heap before GC invocations=216 (full 1):
 PSYoungGen      total 27648K, used 27008K [0x00000000d5f00000, 0x00000000d7b00000, 0x0000000100000000)
  eden space 26624K, 100% used [0x00000000d5f00000,0x00000000d7900000,0x00000000d7900000)
  from space 1024K, 37% used [0x00000000d7a00000,0x00000000d7a60000,0x00000000d7b00000)
  to   space 1024K, 0% used [0x00000000d7900000,0x00000000d7900000,0x00000000d7a00000)
 ParOldGen       total 119808K, used 91781K [0x0000000081c00000, 0x0000000089100000, 0x00000000d5f00000)
  object space 119808K, 76% used [0x0000000081c00000,0x00000000875a15a0,0x0000000089100000)
 Metaspace       used 18515K, capacity 18862K, committed 19072K, reserved 1067008K
  class space    used 2027K, capacity 2121K, committed 2176K, reserved 1048576K
Event: 244.533 GC heap after
Heap after GC invocations=216 (full 1):
 PSYoungGen      total 27648K, used 480K [0x00000000d5f00000, 0x00000000d7b00000, 0x0000000100000000)
  eden space 26624K, 0% used [0x00000000d5f00000,0x00000000d5f00000,0x00000000d7900000)
  from space 1024K, 46% used [0x00000000d7900000,0x00000000d7978000,0x00000000d7a00000)
  to   space 1024K, 0% used [0x00000000d7a00000,0x00000000d7a00000,0x00000000d7b00000)
 ParOldGen       total 119808K, used 91829K [0x0000000081c00000, 0x0000000089100000, 0x00000000d5f00000)
  object space 119808K, 76% used [0x0000000081c00000,0x00000000875ad5a0,0x0000000089100000)
 Metaspace       used 18515K, capacity 18862K, committed 19072K, reserved 1067008K
  class space    used 2027K, capacity 2121K, committed 2176K, reserved 1048576K
}

